Devpmms/chips/build/outputs/logs/manifest-merger-debug-report.txt
-- Merging decision tree log ---
manifest
ADDED from Devpmms/chips/AndroidManifest.xml:16:1-23:12
INJECTED from Devpmms/chips/AndroidManifest.xml:16:1-23:12
INJECTED from Devpmms/chips/AndroidManifest.xml:16:1-23:12
INJECTED from Devpmms/chips/AndroidManifest.xml:16:1-23:12
INJECTED from Devpmms/chips/AndroidManifest.xml:16:1-23:12
	package
		ADDED from Devpmms/chips/AndroidManifest.xml:17:11-41
		INJECTED from Devpmms/chips/AndroidManifest.xml
		INJECTED from Devpmms/chips/AndroidManifest.xml
	xmlns:android
		ADDED from Devpmms/chips/AndroidManifest.xml:16:11-69
	android:versionCode
		ADDED from Devpmms/chips/AndroidManifest.xml:18:11-34
		INJECTED from Devpmms/chips/AndroidManifest.xml
		INJECTED from Devpmms/chips/AndroidManifest.xml
application
ADDED from Devpmms/chips/AndroidManifest.xml:21:5-20